CRITICAL - 2024-10-04 13:31:30 --> CodeIgniter\View\Exceptions\ViewException: Invalid file: "department_js.php"
[Method: GET, Route: department]
in SYSTEMPATH\Exceptions\FrameworkException.php on line 41.
 1 SYSTEMPATH\View\View.php(222): CodeIgniter\Exceptions\FrameworkException::forInvalidFile('department_js.php')
 2 SYSTEMPATH\View\View.php(487): CodeIgniter\View\View->render('department_js.php', null, true)
 3 APPPATH\Views\department\data.php(111): CodeIgniter\View\View->include('department_js.php')
 4 SYSTEMPATH\View\View.php(234): include('C:\\laragon\\www\\freelance\\e_arsip\\app\\Views\\department\\data.php')
 5 SYSTEMPATH\View\View.php(237): CodeIgniter\View\View->CodeIgniter\View\{closure}()
 6 SYSTEMPATH\Common.php(1171): CodeIgniter\View\View->render('department/data', [], true)
 7 APPPATH\Views\layout\content.php(4): view('department/data')
 8 SYSTEMPATH\View\View.php(234): include('C:\\laragon\\www\\freelance\\e_arsip\\app\\Views\\layout\\content.php')
 9 SYSTEMPATH\View\View.php(237): CodeIgniter\View\View->CodeIgniter\View\{closure}()
10 SYSTEMPATH\Common.php(1171): CodeIgniter\View\View->render('layout/content', [], true)
11 APPPATH\Views\layout\wrapper.php(6): view('layout/content')
12 SYSTEMPATH\View\View.php(234): include('C:\\laragon\\www\\freelance\\e_arsip\\app\\Views\\layout\\wrapper.php')
13 SYSTEMPATH\View\View.php(237): CodeIgniter\View\View->CodeIgniter\View\{closure}()
14 SYSTEMPATH\Common.php(1171): CodeIgniter\View\View->render('layout/wrapper', [], true)
15 APPPATH\Controllers\DepartmentController.php(15): view('layout/wrapper', [...])
16 SYSTEMPATH\CodeIgniter.php(933): App\Controllers\DepartmentController->index()
17 SYSTEMPATH\CodeIgniter.php(509): CodeIgniter\CodeIgniter->runController(Object(App\Controllers\DepartmentController))
18 SYSTEMPATH\CodeIgniter.php(355): CodeIgniter\CodeIgniter->handleRequest(null, Object(Config\Cache), false)
19 SYSTEMPATH\Boot.php(325): CodeIgniter\CodeIgniter->run()
20 SYSTEMPATH\Boot.php(67): CodeIgniter\Boot::runCodeIgniter(Object(CodeIgniter\CodeIgniter))
21 FCPATH\index.php(56): CodeIgniter\Boot::bootWeb(Object(Config\Paths))
22 SYSTEMPATH\rewrite.php(44): require_once('C:\\laragon\\www\\freelance\\e_arsip\\public\\index.php')
CRITICAL - 2024-10-04 13:31:36 --> CodeIgniter\View\Exceptions\ViewException: Invalid file: "department_js.php"
[Method: GET, Route: department]
in SYSTEMPATH\Exceptions\FrameworkException.php on line 41.
 1 SYSTEMPATH\View\View.php(222): CodeIgniter\Exceptions\FrameworkException::forInvalidFile('department_js.php')
 2 SYSTEMPATH\View\View.php(487): CodeIgniter\View\View->render('department_js.php', null, true)
 3 APPPATH\Views\department\data.php(111): CodeIgniter\View\View->include('department_js.php')
 4 SYSTEMPATH\View\View.php(234): include('C:\\laragon\\www\\freelance\\e_arsip\\app\\Views\\department\\data.php')
 5 SYSTEMPATH\View\View.php(237): CodeIgniter\View\View->CodeIgniter\View\{closure}()
 6 SYSTEMPATH\Common.php(1171): CodeIgniter\View\View->render('department/data', [], true)
 7 APPPATH\Views\layout\content.php(4): view('department/data')
 8 SYSTEMPATH\View\View.php(234): include('C:\\laragon\\www\\freelance\\e_arsip\\app\\Views\\layout\\content.php')
 9 SYSTEMPATH\View\View.php(237): CodeIgniter\View\View->CodeIgniter\View\{closure}()
10 SYSTEMPATH\Common.php(1171): CodeIgniter\View\View->render('layout/content', [], true)
11 APPPATH\Views\layout\wrapper.php(6): view('layout/content')
12 SYSTEMPATH\View\View.php(234): include('C:\\laragon\\www\\freelance\\e_arsip\\app\\Views\\layout\\wrapper.php')
13 SYSTEMPATH\View\View.php(237): CodeIgniter\View\View->CodeIgniter\View\{closure}()
14 SYSTEMPATH\Common.php(1171): CodeIgniter\View\View->render('layout/wrapper', [], true)
15 APPPATH\Controllers\DepartmentController.php(15): view('layout/wrapper', [...])
16 SYSTEMPATH\CodeIgniter.php(933): App\Controllers\DepartmentController->index()
17 SYSTEMPATH\CodeIgniter.php(509): CodeIgniter\CodeIgniter->runController(Object(App\Controllers\DepartmentController))
18 SYSTEMPATH\CodeIgniter.php(355): CodeIgniter\CodeIgniter->handleRequest(null, Object(Config\Cache), false)
19 SYSTEMPATH\Boot.php(325): CodeIgniter\CodeIgniter->run()
20 SYSTEMPATH\Boot.php(67): CodeIgniter\Boot::runCodeIgniter(Object(CodeIgniter\CodeIgniter))
21 FCPATH\index.php(56): CodeIgniter\Boot::bootWeb(Object(Config\Paths))
22 SYSTEMPATH\rewrite.php(44): require_once('C:\\laragon\\www\\freelance\\e_arsip\\public\\index.php')
CRITICAL - 2024-10-04 13:31:43 --> CodeIgniter\View\Exceptions\ViewException: Invalid file: "department_js.php"
[Method: GET, Route: department]
in SYSTEMPATH\Exceptions\FrameworkException.php on line 41.
 1 SYSTEMPATH\View\View.php(222): CodeIgniter\Exceptions\FrameworkException::forInvalidFile('department_js.php')
 2 SYSTEMPATH\View\View.php(487): CodeIgniter\View\View->render('department_js.php', null, true)
 3 APPPATH\Views\department\data.php(111): CodeIgniter\View\View->include('department_js.php')
 4 SYSTEMPATH\View\View.php(234): include('C:\\laragon\\www\\freelance\\e_arsip\\app\\Views\\department\\data.php')
 5 SYSTEMPATH\View\View.php(237): CodeIgniter\View\View->CodeIgniter\View\{closure}()
 6 SYSTEMPATH\Common.php(1171): CodeIgniter\View\View->render('department/data', [], true)
 7 APPPATH\Views\layout\content.php(4): view('department/data')
 8 SYSTEMPATH\View\View.php(234): include('C:\\laragon\\www\\freelance\\e_arsip\\app\\Views\\layout\\content.php')
 9 SYSTEMPATH\View\View.php(237): CodeIgniter\View\View->CodeIgniter\View\{closure}()
10 SYSTEMPATH\Common.php(1171): CodeIgniter\View\View->render('layout/content', [], true)
11 APPPATH\Views\layout\wrapper.php(6): view('layout/content')
12 SYSTEMPATH\View\View.php(234): include('C:\\laragon\\www\\freelance\\e_arsip\\app\\Views\\layout\\wrapper.php')
13 SYSTEMPATH\View\View.php(237): CodeIgniter\View\View->CodeIgniter\View\{closure}()
14 SYSTEMPATH\Common.php(1171): CodeIgniter\View\View->render('layout/wrapper', [], true)
15 APPPATH\Controllers\DepartmentController.php(15): view('layout/wrapper', [...])
16 SYSTEMPATH\CodeIgniter.php(933): App\Controllers\DepartmentController->index()
17 SYSTEMPATH\CodeIgniter.php(509): CodeIgniter\CodeIgniter->runController(Object(App\Controllers\DepartmentController))
18 SYSTEMPATH\CodeIgniter.php(355): CodeIgniter\CodeIgniter->handleRequest(null, Object(Config\Cache), false)
19 SYSTEMPATH\Boot.php(325): CodeIgniter\CodeIgniter->run()
20 SYSTEMPATH\Boot.php(67): CodeIgniter\Boot::runCodeIgniter(Object(CodeIgniter\CodeIgniter))
21 FCPATH\index.php(56): CodeIgniter\Boot::bootWeb(Object(Config\Paths))
22 SYSTEMPATH\rewrite.php(44): require_once('C:\\laragon\\www\\freelance\\e_arsip\\public\\index.php')
CRITICAL - 2024-10-04 13:31:53 --> CodeIgniter\View\Exceptions\ViewException: Invalid file: "department_js.php"
[Method: GET, Route: department]
in SYSTEMPATH\Exceptions\FrameworkException.php on line 41.
 1 SYSTEMPATH\View\View.php(222): CodeIgniter\Exceptions\FrameworkException::forInvalidFile('department_js.php')
 2 SYSTEMPATH\View\View.php(487): CodeIgniter\View\View->render('department_js.php', null, true)
 3 APPPATH\Views\department\data.php(111): CodeIgniter\View\View->include('department_js.php')
 4 SYSTEMPATH\View\View.php(234): include('C:\\laragon\\www\\freelance\\e_arsip\\app\\Views\\department\\data.php')
 5 SYSTEMPATH\View\View.php(237): CodeIgniter\View\View->CodeIgniter\View\{closure}()
 6 SYSTEMPATH\Common.php(1171): CodeIgniter\View\View->render('department/data', [], true)
 7 APPPATH\Views\layout\content.php(4): view('department/data')
 8 SYSTEMPATH\View\View.php(234): include('C:\\laragon\\www\\freelance\\e_arsip\\app\\Views\\layout\\content.php')
 9 SYSTEMPATH\View\View.php(237): CodeIgniter\View\View->CodeIgniter\View\{closure}()
10 SYSTEMPATH\Common.php(1171): CodeIgniter\View\View->render('layout/content', [], true)
11 APPPATH\Views\layout\wrapper.php(6): view('layout/content')
12 SYSTEMPATH\View\View.php(234): include('C:\\laragon\\www\\freelance\\e_arsip\\app\\Views\\layout\\wrapper.php')
13 SYSTEMPATH\View\View.php(237): CodeIgniter\View\View->CodeIgniter\View\{closure}()
14 SYSTEMPATH\Common.php(1171): CodeIgniter\View\View->render('layout/wrapper', [], true)
15 APPPATH\Controllers\DepartmentController.php(15): view('layout/wrapper', [...])
16 SYSTEMPATH\CodeIgniter.php(933): App\Controllers\DepartmentController->index()
17 SYSTEMPATH\CodeIgniter.php(509): CodeIgniter\CodeIgniter->runController(Object(App\Controllers\DepartmentController))
18 SYSTEMPATH\CodeIgniter.php(355): CodeIgniter\CodeIgniter->handleRequest(null, Object(Config\Cache), false)
19 SYSTEMPATH\Boot.php(325): CodeIgniter\CodeIgniter->run()
20 SYSTEMPATH\Boot.php(67): CodeIgniter\Boot::runCodeIgniter(Object(CodeIgniter\CodeIgniter))
21 FCPATH\index.php(56): CodeIgniter\Boot::bootWeb(Object(Config\Paths))
22 SYSTEMPATH\rewrite.php(44): require_once('C:\\laragon\\www\\freelance\\e_arsip\\public\\index.php')
ERROR - 2024-10-04 13:43:38 --> mysqli_sql_exception: Failed to open the referenced table 'departments' in C:\laragon\www\freelance\e_arsip\system\Database\MySQLi\Connection.php:312
Stack trace:
#0 C:\laragon\www\freelance\e_arsip\system\Database\MySQLi\Connection.php(312): mysqli->query('CREATE TABLE `u...', 0)
#1 C:\laragon\www\freelance\e_arsip\system\Database\BaseConnection.php(734): CodeIgniter\Database\MySQLi\Connection->execute('CREATE TABLE `u...')
#2 C:\laragon\www\freelance\e_arsip\system\Database\BaseConnection.php(648): CodeIgniter\Database\BaseConnection->simpleQuery('CREATE TABLE `u...')
#3 C:\laragon\www\freelance\e_arsip\system\Database\Forge.php(570): CodeIgniter\Database\BaseConnection->query('CREATE TABLE `u...')
#4 C:\laragon\www\freelance\e_arsip\app\Database\Migrations\2024-10-04-133846_CreateUsersTable.php(28): CodeIgniter\Database\Forge->createTable('users')
#5 C:\laragon\www\freelance\e_arsip\system\Database\MigrationRunner.php(867): App\Database\Migrations\CreateUsersTable->up()
#6 C:\laragon\www\freelance\e_arsip\system\Database\MigrationRunner.php(183): CodeIgniter\Database\MigrationRunner->migrate('up', Object(stdClass))
#7 C:\laragon\www\freelance\e_arsip\system\Commands\Database\Migrate.php(85): CodeIgniter\Database\MigrationRunner->latest(NULL)
#8 C:\laragon\www\freelance\e_arsip\system\CLI\Commands.php(70): CodeIgniter\Commands\Database\Migrate->run(Array)
#9 C:\laragon\www\freelance\e_arsip\system\CLI\Console.php(48): CodeIgniter\CLI\Commands->run('migrate', Array)
#10 C:\laragon\www\freelance\e_arsip\system\Boot.php(351): CodeIgniter\CLI\Console->run()
#11 C:\laragon\www\freelance\e_arsip\system\Boot.php(104): CodeIgniter\Boot::runCommand(Object(CodeIgniter\CLI\Console))
#12 C:\laragon\www\freelance\e_arsip\spark(84): CodeIgniter\Boot::bootSpark(Object(Config\Paths))
#13 {main}
CRITICAL - 2024-10-04 14:04:07 --> ErrorException: Undefined array key "username"
[Method: POST, Route: auth/login]
in APPPATH\Controllers\AuthController.php on line 29.
 1 APPPATH\Controllers\AuthController.php(29): CodeIgniter\Debug\Exceptions->errorHandler(2, 'Undefined array key "username"', 'C:\\laragon\\www\\freelance\\e_arsip\\app\\Controllers\\AuthController.php', 29)
 2 SYSTEMPATH\CodeIgniter.php(933): App\Controllers\AuthController->login()
 3 SYSTEMPATH\CodeIgniter.php(509): CodeIgniter\CodeIgniter->runController(Object(App\Controllers\AuthController))
 4 SYSTEMPATH\CodeIgniter.php(355): CodeIgniter\CodeIgniter->handleRequest(null, Object(Config\Cache), false)
 5 SYSTEMPATH\Boot.php(325): CodeIgniter\CodeIgniter->run()
 6 SYSTEMPATH\Boot.php(67): CodeIgniter\Boot::runCodeIgniter(Object(CodeIgniter\CodeIgniter))
 7 FCPATH\index.php(56): CodeIgniter\Boot::bootWeb(Object(Config\Paths))
 8 SYSTEMPATH\rewrite.php(44): require_once('C:\\laragon\\www\\freelance\\e_arsip\\public\\index.php')
CRITICAL - 2024-10-04 14:04:17 --> ErrorException: Undefined array key "username"
[Method: POST, Route: auth/login]
in APPPATH\Controllers\AuthController.php on line 29.
 1 APPPATH\Controllers\AuthController.php(29): CodeIgniter\Debug\Exceptions->errorHandler(2, 'Undefined array key "username"', 'C:\\laragon\\www\\freelance\\e_arsip\\app\\Controllers\\AuthController.php', 29)
 2 SYSTEMPATH\CodeIgniter.php(933): App\Controllers\AuthController->login()
 3 SYSTEMPATH\CodeIgniter.php(509): CodeIgniter\CodeIgniter->runController(Object(App\Controllers\AuthController))
 4 SYSTEMPATH\CodeIgniter.php(355): CodeIgniter\CodeIgniter->handleRequest(null, Object(Config\Cache), false)
 5 SYSTEMPATH\Boot.php(325): CodeIgniter\CodeIgniter->run()
 6 SYSTEMPATH\Boot.php(67): CodeIgniter\Boot::runCodeIgniter(Object(CodeIgniter\CodeIgniter))
 7 FCPATH\index.php(56): CodeIgniter\Boot::bootWeb(Object(Config\Paths))
 8 SYSTEMPATH\rewrite.php(44): require_once('C:\\laragon\\www\\freelance\\e_arsip\\public\\index.php')
CRITICAL - 2024-10-04 14:05:15 --> ErrorException: Undefined array key "username"
[Method: POST, Route: auth/login]
in APPPATH\Controllers\AuthController.php on line 29.
 1 APPPATH\Controllers\AuthController.php(29): CodeIgniter\Debug\Exceptions->errorHandler(2, 'Undefined array key "username"', 'C:\\laragon\\www\\freelance\\e_arsip\\app\\Controllers\\AuthController.php', 29)
 2 SYSTEMPATH\CodeIgniter.php(933): App\Controllers\AuthController->login()
 3 SYSTEMPATH\CodeIgniter.php(509): CodeIgniter\CodeIgniter->runController(Object(App\Controllers\AuthController))
 4 SYSTEMPATH\CodeIgniter.php(355): CodeIgniter\CodeIgniter->handleRequest(null, Object(Config\Cache), false)
 5 SYSTEMPATH\Boot.php(325): CodeIgniter\CodeIgniter->run()
 6 SYSTEMPATH\Boot.php(67): CodeIgniter\Boot::runCodeIgniter(Object(CodeIgniter\CodeIgniter))
 7 FCPATH\index.php(56): CodeIgniter\Boot::bootWeb(Object(Config\Paths))
 8 SYSTEMPATH\rewrite.php(44): require_once('C:\\laragon\\www\\freelance\\e_arsip\\public\\index.php')
CRITICAL - 2024-10-04 14:06:40 --> ErrorException: Undefined array key "username"
[Method: POST, Route: auth/login]
in APPPATH\Controllers\AuthController.php on line 31.
 1 APPPATH\Controllers\AuthController.php(31): CodeIgniter\Debug\Exceptions->errorHandler(2, 'Undefined array key "username"', 'C:\\laragon\\www\\freelance\\e_arsip\\app\\Controllers\\AuthController.php', 31)
 2 SYSTEMPATH\CodeIgniter.php(933): App\Controllers\AuthController->login()
 3 SYSTEMPATH\CodeIgniter.php(509): CodeIgniter\CodeIgniter->runController(Object(App\Controllers\AuthController))
 4 SYSTEMPATH\CodeIgniter.php(355): CodeIgniter\CodeIgniter->handleRequest(null, Object(Config\Cache), false)
 5 SYSTEMPATH\Boot.php(325): CodeIgniter\CodeIgniter->run()
 6 SYSTEMPATH\Boot.php(67): CodeIgniter\Boot::runCodeIgniter(Object(CodeIgniter\CodeIgniter))
 7 FCPATH\index.php(56): CodeIgniter\Boot::bootWeb(Object(Config\Paths))
 8 SYSTEMPATH\rewrite.php(44): require_once('C:\\laragon\\www\\freelance\\e_arsip\\public\\index.php')
CRITICAL - 2024-10-04 14:11:08 --> ErrorException: Undefined array key "username"
[Method: POST, Route: auth/login]
in APPPATH\Controllers\AuthController.php on line 33.
 1 APPPATH\Controllers\AuthController.php(33): CodeIgniter\Debug\Exceptions->errorHandler(2, 'Undefined array key "username"', 'C:\\laragon\\www\\freelance\\e_arsip\\app\\Controllers\\AuthController.php', 33)
 2 SYSTEMPATH\CodeIgniter.php(933): App\Controllers\AuthController->login()
 3 SYSTEMPATH\CodeIgniter.php(509): CodeIgniter\CodeIgniter->runController(Object(App\Controllers\AuthController))
 4 SYSTEMPATH\CodeIgniter.php(355): CodeIgniter\CodeIgniter->handleRequest(null, Object(Config\Cache), false)
 5 SYSTEMPATH\Boot.php(325): CodeIgniter\CodeIgniter->run()
 6 SYSTEMPATH\Boot.php(67): CodeIgniter\Boot::runCodeIgniter(Object(CodeIgniter\CodeIgniter))
 7 FCPATH\index.php(56): CodeIgniter\Boot::bootWeb(Object(Config\Paths))
 8 SYSTEMPATH\rewrite.php(44): require_once('C:\\laragon\\www\\freelance\\e_arsip\\public\\index.php')
CRITICAL - 2024-10-04 14:12:19 --> ErrorException: Undefined property: App\Controllers\AuthController::$session
[Method: POST, Route: auth/login]
in APPPATH\Controllers\AuthController.php on line 37.
 1 APPPATH\Controllers\AuthController.php(37): CodeIgniter\Debug\Exceptions->errorHandler(2, 'Undefined property: App\\Controllers\\AuthController::$session', 'C:\\laragon\\www\\freelance\\e_arsip\\app\\Controllers\\AuthController.php', 37)
 2 SYSTEMPATH\CodeIgniter.php(933): App\Controllers\AuthController->login()
 3 SYSTEMPATH\CodeIgniter.php(509): CodeIgniter\CodeIgniter->runController(Object(App\Controllers\AuthController))
 4 SYSTEMPATH\CodeIgniter.php(355): CodeIgniter\CodeIgniter->handleRequest(null, Object(Config\Cache), false)
 5 SYSTEMPATH\Boot.php(325): CodeIgniter\CodeIgniter->run()
 6 SYSTEMPATH\Boot.php(67): CodeIgniter\Boot::runCodeIgniter(Object(CodeIgniter\CodeIgniter))
 7 FCPATH\index.php(56): CodeIgniter\Boot::bootWeb(Object(Config\Paths))
 8 SYSTEMPATH\rewrite.php(44): require_once('C:\\laragon\\www\\freelance\\e_arsip\\public\\index.php')
CRITICAL - 2024-10-04 14:12:28 --> ErrorException: Undefined property: App\Controllers\AuthController::$session
[Method: POST, Route: auth/login]
in APPPATH\Controllers\AuthController.php on line 37.
 1 APPPATH\Controllers\AuthController.php(37): CodeIgniter\Debug\Exceptions->errorHandler(2, 'Undefined property: App\\Controllers\\AuthController::$session', 'C:\\laragon\\www\\freelance\\e_arsip\\app\\Controllers\\AuthController.php', 37)
 2 SYSTEMPATH\CodeIgniter.php(933): App\Controllers\AuthController->login()
 3 SYSTEMPATH\CodeIgniter.php(509): CodeIgniter\CodeIgniter->runController(Object(App\Controllers\AuthController))
 4 SYSTEMPATH\CodeIgniter.php(355): CodeIgniter\CodeIgniter->handleRequest(null, Object(Config\Cache), false)
 5 SYSTEMPATH\Boot.php(325): CodeIgniter\CodeIgniter->run()
 6 SYSTEMPATH\Boot.php(67): CodeIgniter\Boot::runCodeIgniter(Object(CodeIgniter\CodeIgniter))
 7 FCPATH\index.php(56): CodeIgniter\Boot::bootWeb(Object(Config\Paths))
 8 SYSTEMPATH\rewrite.php(44): require_once('C:\\laragon\\www\\freelance\\e_arsip\\public\\index.php')
CRITICAL - 2024-10-04 14:13:43 --> ErrorException: Undefined property: App\Controllers\AuthController::$session
[Method: POST, Route: auth/login]
in APPPATH\Controllers\AuthController.php on line 35.
 1 APPPATH\Controllers\AuthController.php(35): CodeIgniter\Debug\Exceptions->errorHandler(2, 'Undefined property: App\\Controllers\\AuthController::$session', 'C:\\laragon\\www\\freelance\\e_arsip\\app\\Controllers\\AuthController.php', 35)
 2 SYSTEMPATH\CodeIgniter.php(933): App\Controllers\AuthController->login()
 3 SYSTEMPATH\CodeIgniter.php(509): CodeIgniter\CodeIgniter->runController(Object(App\Controllers\AuthController))
 4 SYSTEMPATH\CodeIgniter.php(355): CodeIgniter\CodeIgniter->handleRequest(null, Object(Config\Cache), false)
 5 SYSTEMPATH\Boot.php(325): CodeIgniter\CodeIgniter->run()
 6 SYSTEMPATH\Boot.php(67): CodeIgniter\Boot::runCodeIgniter(Object(CodeIgniter\CodeIgniter))
 7 FCPATH\index.php(56): CodeIgniter\Boot::bootWeb(Object(Config\Paths))
 8 SYSTEMPATH\rewrite.php(44): require_once('C:\\laragon\\www\\freelance\\e_arsip\\public\\index.php')
CRITICAL - 2024-10-04 14:13:55 --> ErrorException: Undefined property: App\Controllers\AuthController::$session
[Method: POST, Route: auth/login]
in APPPATH\Controllers\AuthController.php on line 35.
 1 APPPATH\Controllers\AuthController.php(35): CodeIgniter\Debug\Exceptions->errorHandler(2, 'Undefined property: App\\Controllers\\AuthController::$session', 'C:\\laragon\\www\\freelance\\e_arsip\\app\\Controllers\\AuthController.php', 35)
 2 SYSTEMPATH\CodeIgniter.php(933): App\Controllers\AuthController->login()
 3 SYSTEMPATH\CodeIgniter.php(509): CodeIgniter\CodeIgniter->runController(Object(App\Controllers\AuthController))
 4 SYSTEMPATH\CodeIgniter.php(355): CodeIgniter\CodeIgniter->handleRequest(null, Object(Config\Cache), false)
 5 SYSTEMPATH\Boot.php(325): CodeIgniter\CodeIgniter->run()
 6 SYSTEMPATH\Boot.php(67): CodeIgniter\Boot::runCodeIgniter(Object(CodeIgniter\CodeIgniter))
 7 FCPATH\index.php(56): CodeIgniter\Boot::bootWeb(Object(Config\Paths))
 8 SYSTEMPATH\rewrite.php(44): require_once('C:\\laragon\\www\\freelance\\e_arsip\\public\\index.php')
CRITICAL - 2024-10-04 14:16:02 --> ErrorException: Undefined property: App\Controllers\AuthController::$session
[Method: POST, Route: auth/login]
in APPPATH\Controllers\AuthController.php on line 35.
 1 APPPATH\Controllers\AuthController.php(35): CodeIgniter\Debug\Exceptions->errorHandler(2, 'Undefined property: App\\Controllers\\AuthController::$session', 'C:\\laragon\\www\\freelance\\e_arsip\\app\\Controllers\\AuthController.php', 35)
 2 SYSTEMPATH\CodeIgniter.php(933): App\Controllers\AuthController->login()
 3 SYSTEMPATH\CodeIgniter.php(509): CodeIgniter\CodeIgniter->runController(Object(App\Controllers\AuthController))
 4 SYSTEMPATH\CodeIgniter.php(355): CodeIgniter\CodeIgniter->handleRequest(null, Object(Config\Cache), false)
 5 SYSTEMPATH\Boot.php(325): CodeIgniter\CodeIgniter->run()
 6 SYSTEMPATH\Boot.php(67): CodeIgniter\Boot::runCodeIgniter(Object(CodeIgniter\CodeIgniter))
 7 FCPATH\index.php(56): CodeIgniter\Boot::bootWeb(Object(Config\Paths))
 8 SYSTEMPATH\rewrite.php(44): require_once('C:\\laragon\\www\\freelance\\e_arsip\\public\\index.php')
CRITICAL - 2024-10-04 14:18:07 --> Error: Class "App\Controllers\ConfigServices" not found
[Method: GET, Route: login]
in APPPATH\Controllers\AuthController.php on line 16.
 1 SYSTEMPATH\CodeIgniter.php(903): App\Controllers\AuthController->__construct()
 2 SYSTEMPATH\CodeIgniter.php(500): CodeIgniter\CodeIgniter->createController()
 3 SYSTEMPATH\CodeIgniter.php(355): CodeIgniter\CodeIgniter->handleRequest(null, Object(Config\Cache), false)
 4 SYSTEMPATH\Boot.php(325): CodeIgniter\CodeIgniter->run()
 5 SYSTEMPATH\Boot.php(67): CodeIgniter\Boot::runCodeIgniter(Object(CodeIgniter\CodeIgniter))
 6 FCPATH\index.php(56): CodeIgniter\Boot::bootWeb(Object(Config\Paths))
 7 SYSTEMPATH\rewrite.php(44): require_once('C:\\laragon\\www\\freelance\\e_arsip\\public\\index.php')
CRITICAL - 2024-10-04 14:18:20 --> Error: Call to a member function set() on null
[Method: POST, Route: auth/login]
in APPPATH\Controllers\AuthController.php on line 45.
 1 SYSTEMPATH\CodeIgniter.php(933): App\Controllers\AuthController->login()
 2 SYSTEMPATH\CodeIgniter.php(509): CodeIgniter\CodeIgniter->runController(Object(App\Controllers\AuthController))
 3 SYSTEMPATH\CodeIgniter.php(355): CodeIgniter\CodeIgniter->handleRequest(null, Object(Config\Cache), false)
 4 SYSTEMPATH\Boot.php(325): CodeIgniter\CodeIgniter->run()
 5 SYSTEMPATH\Boot.php(67): CodeIgniter\Boot::runCodeIgniter(Object(CodeIgniter\CodeIgniter))
 6 FCPATH\index.php(56): CodeIgniter\Boot::bootWeb(Object(Config\Paths))
 7 SYSTEMPATH\rewrite.php(44): require_once('C:\\laragon\\www\\freelance\\e_arsip\\public\\index.php')
CRITICAL - 2024-10-04 14:21:40 --> Error: Call to a member function set() on null
[Method: POST, Route: auth/login]
in APPPATH\Controllers\AuthController.php on line 43.
 1 SYSTEMPATH\CodeIgniter.php(933): App\Controllers\AuthController->login()
 2 SYSTEMPATH\CodeIgniter.php(509): CodeIgniter\CodeIgniter->runController(Object(App\Controllers\AuthController))
 3 SYSTEMPATH\CodeIgniter.php(355): CodeIgniter\CodeIgniter->handleRequest(null, Object(Config\Cache), false)
 4 SYSTEMPATH\Boot.php(325): CodeIgniter\CodeIgniter->run()
 5 SYSTEMPATH\Boot.php(67): CodeIgniter\Boot::runCodeIgniter(Object(CodeIgniter\CodeIgniter))
 6 FCPATH\index.php(56): CodeIgniter\Boot::bootWeb(Object(Config\Paths))
 7 SYSTEMPATH\rewrite.php(44): require_once('C:\\laragon\\www\\freelance\\e_arsip\\public\\index.php')
CRITICAL - 2024-10-04 14:23:57 --> Error: Call to a member function set() on null
[Method: POST, Route: auth/login]
in APPPATH\Controllers\AuthController.php on line 43.
 1 SYSTEMPATH\CodeIgniter.php(933): App\Controllers\AuthController->login()
 2 SYSTEMPATH\CodeIgniter.php(509): CodeIgniter\CodeIgniter->runController(Object(App\Controllers\AuthController))
 3 SYSTEMPATH\CodeIgniter.php(355): CodeIgniter\CodeIgniter->handleRequest(null, Object(Config\Cache), false)
 4 SYSTEMPATH\Boot.php(325): CodeIgniter\CodeIgniter->run()
 5 SYSTEMPATH\Boot.php(67): CodeIgniter\Boot::runCodeIgniter(Object(CodeIgniter\CodeIgniter))
 6 FCPATH\index.php(56): CodeIgniter\Boot::bootWeb(Object(Config\Paths))
 7 SYSTEMPATH\rewrite.php(44): require_once('C:\\laragon\\www\\freelance\\e_arsip\\public\\index.php')
CRITICAL - 2024-10-04 14:34:01 --> ErrorException: Undefined property: App\Controllers\AuthController::$session
[Method: POST, Route: auth/login]
in APPPATH\Controllers\AuthController.php on line 42.
 1 APPPATH\Controllers\AuthController.php(42): CodeIgniter\Debug\Exceptions->errorHandler(2, 'Undefined property: App\\Controllers\\AuthController::$session', 'C:\\laragon\\www\\freelance\\e_arsip\\app\\Controllers\\AuthController.php', 42)
 2 SYSTEMPATH\CodeIgniter.php(933): App\Controllers\AuthController->login()
 3 SYSTEMPATH\CodeIgniter.php(509): CodeIgniter\CodeIgniter->runController(Object(App\Controllers\AuthController))
 4 SYSTEMPATH\CodeIgniter.php(355): CodeIgniter\CodeIgniter->handleRequest(null, Object(Config\Cache), false)
 5 SYSTEMPATH\Boot.php(325): CodeIgniter\CodeIgniter->run()
 6 SYSTEMPATH\Boot.php(67): CodeIgniter\Boot::runCodeIgniter(Object(CodeIgniter\CodeIgniter))
 7 FCPATH\index.php(56): CodeIgniter\Boot::bootWeb(Object(Config\Paths))
 8 SYSTEMPATH\rewrite.php(44): require_once('C:\\laragon\\www\\freelance\\e_arsip\\public\\index.php')
